#
# There is insufficient memory for the Java Runtime Environment to continue.
# Native memory allocation (malloc) failed to allocate 1138336 bytes. Error detail: Chunk::new
# Possible reasons:
#   The system is out of physical RAM or swap space
#   This process is running with CompressedOops enabled, and the Java Heap may be blocking the growth of the native heap
# Possible solutions:
#   Reduce memory load on the system
#   Increase physical memory or swap space
#   Check if swap backing store is full
#   Decrease Java heap size (-Xmx/-Xms)
#   Decrease number of Java threads
#   Decrease Java thread stack sizes (-Xss)
#   Set larger code cache with -XX:ReservedCodeCacheSize=
#   JVM is running with Zero Based Compressed Oops mode in which the Java heap is
#     placed in the first 32GB address space. The Java Heap base address is the
#     maximum limit for the native heap growth. Please use -XX:HeapBaseMinAddress
#     to set the Java Heap base and to place the Java Heap above 32GB virtual address.
# This output file may be truncated or incomplete.
#
#  Out of Memory Error (arena.cpp:149), pid=22504, tid=3856
#
# JRE version: OpenJDK Runtime Environment Temurin-23.0.1+11 (23.0.1+11) (build 23.0.1+11)
# Java VM: OpenJDK 64-Bit Server VM Temurin-23.0.1+11 (23.0.1+11, mixed mode, sharing, tiered, compressed oops, compressed class ptrs, g1 gc, windows-amd64)
# No core dump will be written. Minidumps are not enabled by default on client versions of Windows
#

---------------  S U M M A R Y ------------

Command Line: -Dfile.encoding=UTF-8 -Dstdout.encoding=UTF-8 -Dstderr.encoding=UTF-8 -XX:+ShowCodeDetailsInExceptionMessages Pruebas.WallapopCookies2

Host: AMD Ryzen 9 5900X 12-Core Processor            , 24 cores, 15G,  Windows 10 , 64 bit Build 19041 (10.0.19041.5438)
Time: Sun Feb 16 17:41:38 2025 Hora estándar romance elapsed time: 6.401511 seconds (0d 0h 0m 6s)

---------------  T H R E A D  ---------------

Current thread (0x00000232f3cae930):  JavaThread "C2 CompilerThread0" daemon [_thread_in_native, id=3856, stack(0x0000005d08500000,0x0000005d08600000) (1024K)]


Current CompileTask:
C2:6401 1991       4       java.lang.invoke.MethodType::makeImpl (109 bytes)

Stack: [0x0000005d08500000,0x0000005d08600000]
Native frames: (J=compiled Java code, j=interpreted, Vv=VM code, C=native code)
V  [jvm.dll+0x6e8c79]  (no source info available)
V  [jvm.dll+0x8d9253]  (no source info available)
V  [jvm.dll+0x8db6de]  (no source info available)
V  [jvm.dll+0x8dbdb3]  (no source info available)
V  [jvm.dll+0x281aa6]  (no source info available)
V  [jvm.dll+0xbbb0f]  (no source info available)
V  [jvm.dll+0xbbd6b]  (no source info available)
V  [jvm.dll+0x2f54ed]  (no source info available)
V  [jvm.dll+0x60c829]  (no source info available)
V  [jvm.dll+0x2541f2]  (no source info available)
V  [jvm.dll+0x2545d5]  (no source info available)
V  [jvm.dll+0x24cd94]  (no source info available)
V  [jvm.dll+0x249f44]  (no source info available)
V  [jvm.dll+0x1c8ea0]  (no source info available)
V  [jvm.dll+0x25a13e]  (no source info available)
V  [jvm.dll+0x25840a]  (no source info available)
V  [jvm.dll+0x3f4706]  (no source info available)
V  [jvm.dll+0x8802ab]  (no source info available)
V  [jvm.dll+0x6e7485]  (no source info available)
C  [ucrtbase.dll+0x21bb2]  (no source info available)
C  [KERNEL32.DLL+0x17374]  (no source info available)
C  [ntdll.dll+0x4cc91]  (no source info available)

Lock stack of current Java thread (top to bottom):


---------------  P R O C E S S  ---------------

Threads class SMR info:
_java_thread_list=0x00000232c1afc910, length=29, elements={
0x00000232d5ba4ee0, 0x00000232f3c89200, 0x00000232f3c8a120, 0x00000232f3c8f410,
0x00000232f3c8e6f0, 0x00000232f3c8d9d0, 0x00000232f3c8ed80, 0x00000232f3cae930,
0x00000232f3ca3200, 0x00000232c114c1f0, 0x00000232c1199080, 0x00000232f3c8faa0,
0x00000232f3c8c620, 0x00000232f3c8ccb0, 0x00000232f3c8d340, 0x00000232f3c8e060,
0x00000232c673ddc0, 0x00000232c673a940, 0x00000232c673afd0, 0x00000232c673a2b0,
0x00000232c673d730, 0x00000232c67418d0, 0x00000232c673fe90, 0x00000232c6741240,
0x00000232c673eae0, 0x00000232c6522660, 0x00000232c673ca10, 0x00000232c6740bb0,
0x00000232c666b710
}

Java Threads: ( => current thread )
  0x00000232d5ba4ee0 JavaThread "Forwarding get on session 734837f6ffd7f0295441161e62fb338b to remote"        [_thread_blocked, id=19764, stack(0x0000005d07700000,0x0000005d07800000) (1024K)]
  0x00000232f3c89200 JavaThread "Reference Handler"          daemon [_thread_blocked, id=4636, stack(0x0000005d07f00000,0x0000005d08000000) (1024K)]
  0x00000232f3c8a120 JavaThread "Finalizer"                  daemon [_thread_blocked, id=33300, stack(0x0000005d08000000,0x0000005d08100000) (1024K)]
  0x00000232f3c8f410 JavaThread "Signal Dispatcher"          daemon [_thread_blocked, id=17944, stack(0x0000005d08100000,0x0000005d08200000) (1024K)]
  0x00000232f3c8e6f0 JavaThread "Attach Listener"            daemon [_thread_blocked, id=33024, stack(0x0000005d08200000,0x0000005d08300000) (1024K)]
  0x00000232f3c8d9d0 JavaThread "Service Thread"             daemon [_thread_blocked, id=16824, stack(0x0000005d08300000,0x0000005d08400000) (1024K)]
  0x00000232f3c8ed80 JavaThread "Monitor Deflation Thread"   daemon [_thread_blocked, id=32876, stack(0x0000005d08400000,0x0000005d08500000) (1024K)]
=>0x00000232f3cae930 JavaThread "C2 CompilerThread0"         daemon [_thread_in_native, id=3856, stack(0x0000005d08500000,0x0000005d08600000) (1024K)]
  0x00000232f3ca3200 JavaThread "C1 CompilerThread0"         daemon [_thread_blocked, id=29480, stack(0x0000005d08600000,0x0000005d08700000) (1024K)]
  0x00000232c114c1f0 JavaThread "C1 CompilerThread1"         daemon [_thread_blocked, id=31216, stack(0x0000005d08700000,0x0000005d08800000) (1024K)]
  0x00000232c1199080 JavaThread "C1 CompilerThread2"         daemon [_thread_blocked, id=1908, stack(0x0000005d08800000,0x0000005d08900000) (1024K)]
  0x00000232f3c8faa0 JavaThread "Notification Thread"        daemon [_thread_blocked, id=4832, stack(0x0000005d08a00000,0x0000005d08b00000) (1024K)]
  0x00000232f3c8c620 JavaThread "Common-Cleaner"             daemon [_thread_blocked, id=16476, stack(0x0000005d08b00000,0x0000005d08c00000) (1024K)]
  0x00000232f3c8ccb0 JavaThread "ForkJoinPool.commonPool-worker-1" daemon [_thread_blocked, id=34768, stack(0x0000005d08d00000,0x0000005d08e00000) (1024K)]
  0x00000232f3c8d340 JavaThread "HttpClient-1-SelectorManager" daemon [_thread_in_native, id=16068, stack(0x0000005d09000000,0x0000005d09100000) (1024K)]
  0x00000232f3c8e060 JavaThread "Thread-0"                          [_thread_in_native, id=13336, stack(0x0000005d09100000,0x0000005d09200000) (1024K)]
  0x00000232c673ddc0 JavaThread "Driver Service Executor"    daemon [_thread_blocked, id=22992, stack(0x0000005d09c00000,0x0000005d09d00000) (1024K)]
  0x00000232c673a940 JavaThread "Driver Service Executor"    daemon [_thread_in_native, id=24928, stack(0x0000005d09d00000,0x0000005d09e00000) (1024K)]
  0x00000232c673afd0 JavaThread "UrlChecker-2"               daemon [_thread_blocked, id=15416, stack(0x0000005d09e00000,0x0000005d09f00000) (1024K)]
  0x00000232c673a2b0 JavaThread "Keep-Alive-Timer"           daemon [_thread_blocked, id=33268, stack(0x0000005d0a000000,0x0000005d0a100000) (1024K)]
  0x00000232c673d730 JavaThread "pool-1-thread-1"                   [_thread_blocked, id=25312, stack(0x0000005d0a100000,0x0000005d0a200000) (1024K)]
  0x00000232c67418d0 JavaThread "pool-1-thread-2"                   [_thread_blocked, id=32540, stack(0x0000005d0a200000,0x0000005d0a300000) (1024K)]
  0x00000232c673fe90 JavaThread "pool-1-thread-3"                   [_thread_blocked, id=32904, stack(0x0000005d0a300000,0x0000005d0a400000) (1024K)]
  0x00000232c6741240 JavaThread "HttpClient-2-SelectorManager" daemon [_thread_in_native, id=1284, stack(0x0000005d08c00000,0x0000005d08d00000) (1024K)]
  0x00000232c673eae0 JavaThread "pool-2-thread-1"                   [_thread_blocked, id=16304, stack(0x0000005d08e00000,0x0000005d08f00000) (1024K)]
  0x00000232c6522660 JavaThread "C2 CompilerThread1"         daemon [_thread_in_native, id=3580, stack(0x0000005d08900000,0x0000005d08a00000) (1024K)]
  0x00000232c673ca10 JavaThread "pool-2-thread-2"                   [_thread_blocked, id=26292, stack(0x0000005d08f00000,0x0000005d09000000) (1024K)]
  0x00000232c6740bb0 JavaThread "pool-2-thread-3"                   [_thread_blocked, id=11572, stack(0x0000005d0a400000,0x0000005d0a500000) (1024K)]
  0x00000232c666b710 JavaThread "C2 CompilerThread2"         daemon [_thread_blocked, id=28156, stack(0x0000005d0a500000,0x0000005d0a600000) (1024K)]
Total: 29

Other Threads:
  0x00000232f3c75ef0 VMThread "VM Thread"                           [id=31332, stack(0x0000005d07e00000,0x0000005d07f00000) (1024K)]
  0x00000232c10819e0 WatcherThread "VM Periodic Task Thread"        [id=30984, stack(0x0000005d07d00000,0x0000005d07e00000) (1024K)]
  0x00000232d7ee7490 WorkerThread "GC Thread#0"                     [id=31240, stack(0x0000005d07800000,0x0000005d07900000) (1024K)]
  0x00000232c6578b40 WorkerThread "GC Thread#1"                     [id=25152, stack(0x0000005d09200000,0x0000005d09300000) (1024K)]
  0x00000232c64fcab0 WorkerThread "GC Thread#2"                     [id=27232, stack(0x0000005d09300000,0x0000005d09400000) (1024K)]
  0x00000232c64fd260 WorkerThread "GC Thread#3"                     [id=29572, stack(0x0000005d09400000,0x0000005d09500000) (1024K)]
  0x00000232c6389e80 WorkerThread "GC Thread#4"                     [id=24096, stack(0x0000005d09500000,0x0000005d09600000) (1024K)]
  0x00000232c638b5b0 WorkerThread "GC Thread#5"                     [id=16852, stack(0x0000005d09600000,0x0000005d09700000) (1024K)]
  0x00000232c638aaa0 WorkerThread "GC Thread#6"                     [id=9652, stack(0x0000005d09700000,0x0000005d09800000) (1024K)]
  0x00000232c638b960 WorkerThread "GC Thread#7"                     [id=26696, stack(0x0000005d09800000,0x0000005d09900000) (1024K)]
  0x00000232c638c0c0 WorkerThread "GC Thread#8"                     [id=26844, stack(0x0000005d09900000,0x0000005d09a00000) (1024K)]
  0x00000232c638c470 WorkerThread "GC Thread#9"                     [id=10788, stack(0x0000005d09a00000,0x0000005d09b00000) (1024K)]
  0x00000232c638b200 WorkerThread "GC Thread#10"                    [id=7472, stack(0x0000005d09b00000,0x0000005d09c00000) (1024K)]
  0x00000232d7efee40 ConcurrentGCThread "G1 Main Marker"            [id=28036, stack(0x0000005d07900000,0x0000005d07a00000) (1024K)]
  0x00000232d7eff950 WorkerThread "G1 Conc#0"                       [id=34436, stack(0x0000005d07a00000,0x0000005d07b00000) (1024K)]
  0x00000232f3ba4930 ConcurrentGCThread "G1 Refine#0"               [id=10884, stack(0x0000005d07b00000,0x0000005d07c00000) (1024K)]
  0x00000232f3ba63d0 ConcurrentGCThread "G1 Service"                [id=25584, stack(0x0000005d07c00000,0x0000005d07d00000) (1024K)]
Total: 17

Threads with active compile tasks:
C2 CompilerThread0  6491 1991       4       java.lang.invoke.MethodType::makeImpl (109 bytes)
C2 CompilerThread1  6491 2058       4       java.lang.invoke.MethodType::methodType (69 bytes)
Total: 2

VM state: not at safepoint (normal execution)

VM Mutex/Monitor currently owned by a thread: None

Heap address: 0x0000000701200000, size: 4078 MB, Compressed Oops mode: Zero based, Oop shift amount: 3

CDS archive(s) mapped at: [0x0000023280000000-0x0000023280d70000-0x0000023280d70000), size 14090240, SharedBaseAddress: 0x0000023280000000, ArchiveRelocationMode: 1.
Compressed class space mapped at: 0x0000023281000000-0x00000232c1000000, reserved size: 1073741824
Narrow klass base: 0x0000023280000000, Narrow klass shift: 0, Narrow klass range: 0x41000000

GC Precious Log:
 CardTable entry size: 512
 Card Set container configuration: InlinePtr #cards 4 size 8 Array Of Cards #cards 16 size 48 Howl #buckets 8 coarsen threshold 3686 Howl Bitmap #cards 512 size 80 coarsen threshold 460 Card regions per heap region 1 cards per card region 4096
 CPUs: 24 total, 24 available
 Memory: 16306M
 Large Page Support: Disabled
 NUMA Support: Disabled
 Compressed Oops: Enabled (Zero based)
 Heap Region Size: 2M
 Heap Min Capacity: 8M
 Heap Initial Capacity: 256M
 Heap Max Capacity: 4078M
 Pre-touch: Disabled
 Parallel Workers: 18
 Concurrent Workers: 5
 Concurrent Refinement Workers: 18
 Periodic GC: Disabled

Heap:
 garbage-first heap   total reserved 4175872K, committed 262144K, used 21907K [0x0000000701200000, 0x0000000800000000)
  region size 2048K, 11 young (22528K), 2 survivors (4096K)
 Metaspace       used 13792K, committed 14080K, reserved 1114112K
  class space    used 1727K, committed 1856K, reserved 1048576K

Heap Regions: E=young(eden), S=young(survivor), O=old, HS=humongous(starts), HC=humongous(continues), CS=collection set, F=free, TAMS=top-at-mark-start, PB=parsable bottom
|   0|0x0000000701200000, 0x0000000701364f50, 0x0000000701400000| 69%| O|  |TAMS 0x0000000701200000| PB 0x0000000701200000| Untracked |  0
|   1|0x0000000701400000, 0x0000000701400000, 0x0000000701600000|  0%| F|  |TAMS 0x0000000701400000| PB 0x0000000701400000| Untracked |  0
|   2|0x0000000701600000, 0x0000000701600000, 0x0000000701800000|  0%| F|  |TAMS 0x0000000701600000| PB 0x0000000701600000| Untracked |  0
|   3|0x0000000701800000, 0x0000000701800000, 0x0000000701a00000|  0%| F|  |TAMS 0x0000000701800000| PB 0x0000000701800000| Untracked |  0
|   4|0x0000000701a00000, 0x0000000701a00000, 0x0000000701c00000|  0%| F|  |TAMS 0x0000000701a00000| PB 0x0000000701a00000| Untracked |  0
|   5|0x0000000701c00000, 0x0000000701c00000, 0x0000000701e00000|  0%| F|  |TAMS 0x0000000701c00000| PB 0x0000000701c00000| Untracked |  0
|   6|0x0000000701e00000, 0x0000000701e00000, 0x0000000702000000|  0%| F|  |TAMS 0x0000000701e00000| PB 0x0000000701e00000| Untracked |  0
|   7|0x0000000702000000, 0x0000000702000000, 0x0000000702200000|  0%| F|  |TAMS 0x0000000702000000| PB 0x0000000702000000| Untracked |  0
|   8|0x0000000702200000, 0x0000000702200000, 0x0000000702400000|  0%| F|  |TAMS 0x0000000702200000| PB 0x0000000702200000| Untracked |  0
|   9|0x0000000702400000, 0x0000000702400000, 0x0000000702600000|  0%| F|  |TAMS 0x0000000702400000| PB 0x0000000702400000| Untracked |  0
|  10|0x0000000702600000, 0x0000000702600000, 0x0000000702800000|  0%| F|  |TAMS 0x0000000702600000| PB 0x0000000702600000| Untracked |  0
|  11|0x0000000702800000, 0x0000000702800000, 0x0000000702a00000|  0%| F|  |TAMS 0x0000000702800000| PB 0x0000000702800000| Untracked |  0
|  12|0x0000000702a00000, 0x0000000702a00000, 0x0000000702c00000|  0%| F|  |TAMS 0x0000000702a00000| PB 0x0000000702a00000| Untracked |  0
|  13|0x0000000702c00000, 0x0000000702c00000, 0x0000000702e00000|  0%| F|  |TAMS 0x0000000702c00000| PB 0x0000000702c00000| Untracked |  0
|  14|0x0000000702e00000, 0x0000000702e00000, 0x0000000703000000|  0%| F|  |TAMS 0x0000000702e00000| PB 0x0000000702e00000| Untracked |  0
|  15|0x0000000703000000, 0x0000000703000000, 0x0000000703200000|  0%| F|  |TAMS 0x0000000703000000| PB 0x0000000703000000| Untracked |  0
|  16|0x0000000703200000, 0x0000000703200000, 0x0000000703400000|  0%| F|  |TAMS 0x0000000703200000| PB 0x0000000703200000| Untracked |  0
|  17|0x0000000703400000, 0x0000000703400000, 0x0000000703600000|  0%| F|  |TAMS 0x0000000703400000| PB 0x0000000703400000| Untracked |  0
|  18|0x0000000703600000, 0x0000000703600000, 0x0000000703800000|  0%| F|  |TAMS 0x0000000703600000| PB 0x0000000703600000| Untracked |  0
|  19|0x0000000703800000, 0x0000000703800000, 0x0000000703a00000|  0%| F|  |TAMS 0x0000000703800000| PB 0x0000000703800000| Untracked |  0
|  20|0x0000000703a00000, 0x0000000703a00000, 0x0000000703c00000|  0%| F|  |TAMS 0x0000000703a00000| PB 0x0000000703a00000| Untracked |  0
|  21|0x0000000703c00000, 0x0000000703c00000, 0x0000000703e00000|  0%| F|  |TAMS 0x0000000703c00000| PB 0x0000000703c00000| Untracked |  0
|  22|0x0000000703e00000, 0x0000000703e00000, 0x0000000704000000|  0%| F|  |TAMS 0x0000000703e00000| PB 0x0000000703e00000| Untracked |  0
|  23|0x0000000704000000, 0x0000000704000000, 0x0000000704200000|  0%| F|  |TAMS 0x0000000704000000| PB 0x0000000704000000| Untracked |  0
|  24|0x0000000704200000, 0x0000000704200000, 0x0000000704400000|  0%| F|  |TAMS 0x0000000704200000| PB 0x0000000704200000| Untracked |  0
|  25|0x0000000704400000, 0x0000000704400000, 0x0000000704600000|  0%| F|  |TAMS 0x0000000704400000| PB 0x0000000704400000| Untracked |  0
|  26|0x0000000704600000, 0x0000000704600000, 0x0000000704800000|  0%| F|  |TAMS 0x0000000704600000| PB 0x0000000704600000| Untracked |  0
|  27|0x0000000704800000, 0x0000000704800000, 0x0000000704a00000|  0%| F|  |TAMS 0x0000000704800000| PB 0x0000000704800000| Untracked |  0
|  28|0x0000000704a00000, 0x0000000704a00000, 0x0000000704c00000|  0%| F|  |TAMS 0x0000000704a00000| PB 0x0000000704a00000| Untracked |  0
|  29|0x0000000704c00000, 0x0000000704c00000, 0x0000000704e00000|  0%| F|  |TAMS 0x0000000704c00000| PB 0x0000000704c00000| Untracked |  0
|  30|0x0000000704e00000, 0x0000000704e00000, 0x0000000705000000|  0%| F|  |TAMS 0x0000000704e00000| PB 0x0000000704e00000| Untracked |  0
|  31|0x0000000705000000, 0x0000000705000000, 0x0000000705200000|  0%| F|  |TAMS 0x0000000705000000| PB 0x0000000705000000| Untracked |  0
|  32|0x0000000705200000, 0x0000000705200000, 0x0000000705400000|  0%| F|  |TAMS 0x0000000705200000| PB 0x0000000705200000| Untracked |  0
|  33|0x0000000705400000, 0x0000000705400000, 0x0000000705600000|  0%| F|  |TAMS 0x0000000705400000| PB 0x0000000705400000| Untracked |  0
|  34|0x0000000705600000, 0x0000000705600000, 0x0000000705800000|  0%| F|  |TAMS 0x0000000705600000| PB 0x0000000705600000| Untracked |  0
|  35|0x0000000705800000, 0x0000000705800000, 0x0000000705a00000|  0%| F|  |TAMS 0x0000000705800000| PB 0x0000000705800000| Untracked |  0
|  36|0x0000000705a00000, 0x0000000705a00000, 0x0000000705c00000|  0%| F|  |TAMS 0x0000000705a00000| PB 0x0000000705a00000| Untracked |  0
|  37|0x0000000705c00000, 0x0000000705c00000, 0x0000000705e00000|  0%| F|  |TAMS 0x0000000705c00000| PB 0x0000000705c00000| Untracked |  0
|  38|0x0000000705e00000, 0x0000000705e00000, 0x0000000706000000|  0%| F|  |TAMS 0x0000000705e00000| PB 0x0000000705e00000| Untracked |  0
|  39|0x0000000706000000, 0x0000000706000000, 0x0000000706200000|  0%| F|  |TAMS 0x0000000706000000| PB 0x0000000706000000| Untracked |  0
|  40|0x0000000706200000, 0x0000000706200000, 0x0000000706400000|  0%| F|  |TAMS 0x0000000706200000| PB 0x0000000706200000| Untracked |  0
|  41|0x0000000706400000, 0x0000000706400000, 0x0000000706600000|  0%| F|  |TAMS 0x0000000706400000| PB 0x0000000706400000| Untracked |  0
|  42|0x0000000706600000, 0x0000000706600000, 0x0000000706800000|  0%| F|  |TAMS 0x0000000706600000| PB 0x0000000706600000| Untracked |  0
|  43|0x0000000706800000, 0x0000000706800000, 0x0000000706a00000|  0%| F|  |TAMS 0x0000000706800000| PB 0x0000000706800000| Untracked |  0
|  44|0x0000000706a00000, 0x0000000706a00000, 0x0000000706c00000|  0%| F|  |TAMS 0x0000000706a00000| PB 0x0000000706a00000| Untracked |  0
|  45|0x0000000706c00000, 0x0000000706c00000, 0x0000000706e00000|  0%| F|  |TAMS 0x0000000706c00000| PB 0x0000000706c00000| Untracked |  0
|  46|0x0000000706e00000, 0x0000000706e00000, 0x0000000707000000|  0%| F|  |TAMS 0x0000000706e00000| PB 0x0000000706e00000| Untracked |  0
|  47|0x0000000707000000, 0x0000000707000000, 0x0000000707200000|  0%| F|  |TAMS 0x0000000707000000| PB 0x0000000707000000| Untracked |  0
|  48|0x0000000707200000, 0x0000000707200000, 0x0000000707400000|  0%| F|  |TAMS 0x0000000707200000| PB 0x0000000707200000| Untracked |  0
|  49|0x0000000707400000, 0x0000000707400000, 0x0000000707600000|  0%| F|  |TAMS 0x0000000707400000| PB 0x0000000707400000| Untracked |  0
|  50|0x0000000707600000, 0x0000000707600000, 0x0000000707800000|  0%| F|  |TAMS 0x0000000707600000| PB 0x0000000707600000| Untracked |  0
|  51|0x0000000707800000, 0x0000000707800000, 0x0000000707a00000|  0%| F|  |TAMS 0x0000000707800000| PB 0x0000000707800000| Untracked |  0
|  52|0x0000000707a00000, 0x0000000707a00000, 0x0000000707c00000|  0%| F|  |TAMS 0x0000000707a00000| PB 0x0000000707a00000| Untracked |  0
|  53|0x0000000707c00000, 0x0000000707c00000, 0x0000000707e00000|  0%| F|  |TAMS 0x0000000707c00000| PB 0x0000000707c00000| Untracked |  0
|  54|0x0000000707e00000, 0x0000000707e00000, 0x0000000708000000|  0%| F|  |TAMS 0x0000000707e00000| PB 0x0000000707e00000| Untracked |  0
|  55|0x0000000708000000, 0x0000000708000000, 0x0000000708200000|  0%| F|  |TAMS 0x0000000708000000| PB 0x0000000708000000| Untracked |  0
|  56|0x0000000708200000, 0x0000000708200000, 0x0000000708400000|  0%| F|  |TAMS 0x0000000708200000| PB 0x0000000708200000| Untracked |  0
|  57|0x0000000708400000, 0x0000000708400000, 0x0000000708600000|  0%| F|  |TAMS 0x0000000708400000| PB 0x0000000708400000| Untracked |  0
|  58|0x0000000708600000, 0x0000000708600000, 0x0000000708800000|  0%| F|  |TAMS 0x0000000708600000| PB 0x0000000708600000| Untracked |  0
|  59|0x0000000708800000, 0x0000000708800000, 0x0000000708a00000|  0%| F|  |TAMS 0x0000000708800000| PB 0x0000000708800000| Untracked |  0
|  60|0x0000000708a00000, 0x0000000708a00000, 0x0000000708c00000|  0%| F|  |TAMS 0x0000000708a00000| PB 0x0000000708a00000| Untracked |  0
|  61|0x0000000708c00000, 0x0000000708c00000, 0x0000000708e00000|  0%| F|  |TAMS 0x0000000708c00000| PB 0x0000000708c00000| Untracked |  0
|  62|0x0000000708e00000, 0x0000000708e00000, 0x0000000709000000|  0%| F|  |TAMS 0x0000000708e00000| PB 0x0000000708e00000| Untracked |  0
|  63|0x0000000709000000, 0x0000000709000000, 0x0000000709200000|  0%| F|  |TAMS 0x0000000709000000| PB 0x0000000709000000| Untracked |  0
|  64|0x0000000709200000, 0x0000000709200000, 0x0000000709400000|  0%| F|  |TAMS 0x0000000709200000| PB 0x0000000709200000| Untracked |  0
|  65|0x0000000709400000, 0x0000000709400000, 0x0000000709600000|  0%| F|  |TAMS 0x0000000709400000| PB 0x0000000709400000| Untracked |  0
|  66|0x0000000709600000, 0x0000000709600000, 0x0000000709800000|  0%| F|  |TAMS 0x0000000709600000| PB 0x0000000709600000| Untracked |  0
|  67|0x0000000709800000, 0x0000000709800000, 0x0000000709a00000|  0%| F|  |TAMS 0x0000000709800000| PB 0x0000000709800000| Untracked |  0
|  68|0x0000000709a00000, 0x0000000709a00000, 0x0000000709c00000|  0%| F|  |TAMS 0x0000000709a00000| PB 0x0000000709a00000| Untracked |  0
|  69|0x0000000709c00000, 0x0000000709c00000, 0x0000000709e00000|  0%| F|  |TAMS 0x0000000709c00000| PB 0x0000000709c00000| Untracked |  0
|  70|0x0000000709e00000, 0x0000000709e00000, 0x000000070a000000|  0%| F|  |TAMS 0x0000000709e00000| PB 0x0000000709e00000| Untracked |  0
|  71|0x000000070a000000, 0x000000070a000000, 0x000000070a200000|  0%| F|  |TAMS 0x000000070a000000| PB 0x000000070a000000| Untracked |  0
|  72|0x000000070a200000, 0x000000070a200000, 0x000000070a400000|  0%| F|  |TAMS 0x000000070a200000| PB 0x000000070a200000| Untracked |  0
|  73|0x000000070a400000, 0x000000070a400000, 0x000000070a600000|  0%| F|  |TAMS 0x000000070a400000| PB 0x000000070a400000| Untracked |  0
|  74|0x000000070a600000, 0x000000070a600000, 0x000000070a800000|  0%| F|  |TAMS 0x000000070a600000| PB 0x000000070a600000| Untracked |  0
|  75|0x000000070a800000, 0x000000070a800000, 0x000000070aa00000|  0%| F|  |TAMS 0x000000070a800000| PB 0x000000070a800000| Untracked |  0
|  76|0x000000070aa00000, 0x000000070aa00000, 0x000000070ac00000|  0%| F|  |TAMS 0x000000070aa00000| PB 0x000000070aa00000| Untracked |  0
|  77|0x000000070ac00000, 0x000000070ac00000, 0x000000070ae00000|  0%| F|  |TAMS 0x000000070ac00000| PB 0x000000070ac00000| Untracked |  0
|  78|0x000000070ae00000, 0x000000070ae00000, 0x000000070b000000|  0%| F|  |TAMS 0x000000070ae00000| PB 0x000000070ae00000| Untracked |  0
|  79|0x000000070b000000, 0x000000070b000000, 0x000000070b200000|  0%| F|  |TAMS 0x000000070b000000| PB 0x000000070b000000| Untracked |  0
|  80|0x000000070b200000, 0x000000070b200000, 0x000000070b400000|  0%| F|  |TAMS 0x000000070b200000| PB 0x000000070b200000| Untracked |  0
|  81|0x000000070b400000, 0x000000070b400000, 0x000000070b600000|  0%| F|  |TAMS 0x000000070b400000| PB 0x000000070b400000| Untracked |  0
|  82|0x000000070b600000, 0x000000070b600000, 0x000000070b800000|  0%| F|  |TAMS 0x000000070b600000| PB 0x000000070b600000| Untracked |  0
|  83|0x000000070b800000, 0x000000070b800000, 0x000000070ba00000|  0%| F|  |TAMS 0x000000070b800000| PB 0x000000070b800000| Untracked |  0
|  84|0x000000070ba00000, 0x000000070ba00000, 0x000000070bc00000|  0%| F|  |TAMS 0x000000070ba00000| PB 0x000000070ba00000| Untracked |  0
|  85|0x000000070bc00000, 0x000000070bc00000, 0x000000070be00000|  0%| F|  |TAMS 0x000000070bc00000| PB 0x000000070bc00000| Untracked |  0
|  86|0x000000070be00000, 0x000000070be00000, 0x000000070c000000|  0%| F|  |TAMS 0x000000070be00000| PB 0x000000070be00000| Untracked |  0
|  87|0x000000070c000000, 0x000000070c000000, 0x000000070c200000|  0%| F|  |TAMS 0x000000070c000000| PB 0x000000070c000000| Untracked |  0
|  88|0x000000070c200000, 0x000000070c200000, 0x000000070c400000|  0%| F|  |TAMS 0x000000070c200000| PB 0x000000070c200000| Untracked |  0
|  89|0x000000070c400000, 0x000000070c400000, 0x000000070c600000|  0%| F|  |TAMS 0x000000070c400000| PB 0x000000070c400000| Untracked |  0
|  90|0x000000070c600000, 0x000000070c600000, 0x000000070c800000|  0%| F|  |TAMS 0x000000070c600000| PB 0x000000070c600000| Untracked |  0
|  91|0x000000070c800000, 0x000000070c800000, 0x000000070ca00000|  0%| F|  |TAMS 0x000000070c800000| PB 0x000000070c800000| Untracked |  0
|  92|0x000000070ca00000, 0x000000070ca00000, 0x000000070cc00000|  0%| F|  |TAMS 0x000000070ca00000| PB 0x000000070ca00000| Untracked |  0
|  93|0x000000070cc00000, 0x000000070cc00000, 0x000000070ce00000|  0%| F|  |TAMS 0x000000070cc00000| PB 0x000000070cc00000| Untracked |  0
|  94|0x000000070ce00000, 0x000000070ce00000, 0x000000070d000000|  0%| F|  |TAMS 0x000000070ce00000| PB 0x000000070ce00000| Untracked |  0
|  95|0x000000070d000000, 0x000000070d000000, 0x000000070d200000|  0%| F|  |TAMS 0x000000070d000000| PB 0x000000070d000000| Untracked |  0
|  96|0x000000070d200000, 0x000000070d200000, 0x000000070d400000|  0%| F|  |TAMS 0x000000070d200000| PB 0x000000070d200000| Untracked |  0
|  97|0x000000070d400000, 0x000000070d400000, 0x000000070d600000|  0%| F|  |TAMS 0x000000070d400000| PB 0x000000070d400000| Untracked |  0
|  98|0x000000070d600000, 0x000000070d600000, 0x000000070d800000|  0%| F|  |TAMS 0x000000070d600000| PB 0x000000070d600000| Untracked |  0
|  99|0x000000070d800000, 0x000000070d800000, 0x000000070da00000|  0%| F|  |TAMS 0x000000070d800000| PB 0x000000070d800000| Untracked |  0
| 100|0x000000070da00000, 0x000000070da00000, 0x000000070dc00000|  0%| F|  |TAMS 0x000000070da00000| PB 0x000000070da00000| Untracked |  0
| 101|0x000000070dc00000, 0x000000070dc00000, 0x000000070de00000|  0%| F|  |TAMS 0x000000070dc00000| PB 0x000000070dc00000| Untracked |  0
| 102|0x000000070de00000, 0x000000070de00000, 0x000000070e000000|  0%| F|  |TAMS 0x000000070de00000| PB 0x000000070de00000| Untracked |  0
| 103|0x000000070e000000, 0x000000070e000000, 0x000000070e200000|  0%| F|  |TAMS 0x000000070e000000| PB 0x000000070e000000| Untracked |  0
| 104|0x000000070e200000, 0x000000070e200000, 0x000000070e400000|  0%| F|  |TAMS 0x000000070e200000| PB 0x000000070e200000| Untracked |  0
| 105|0x000000070e400000, 0x000000070e400000, 0x000000070e600000|  0%| F|  |TAMS 0x000000070e400000| PB 0x000000070e400000| Untracked |  0
| 106|0x000000070e600000, 0x000000070e600000, 0x000000070e800000|  0%| F|  |TAMS 0x000000070e600000| PB 0x000000070e600000| Untracked |  0
| 107|0x000000070e800000, 0x000000070e800000, 0x000000070ea00000|  0%| F|  |TAMS 0x000000070e800000| PB 0x000000070e800000| Untracked |  0
| 108|0x000000070ea00000, 0x000000070ea00000, 0x000000070ec00000|  0%| F|  |TAMS 0x000000070ea00000| PB 0x000000070ea00000| Untracked |  0
| 109|0x000000070ec00000, 0x000000070ec00000, 0x000000070ee00000|  0%| F|  |TAMS 0x000000070ec00000| PB 0x000000070ec00000| Untracked |  0
| 110|0x000000070ee00000, 0x000000070ee00000, 0x000000070f000000|  0%| F|  |TAMS 0x000000070ee00000| PB 0x000000070ee00000| Untracked |  0
| 111|0x000000070f000000, 0x000000070f000000, 0x000000070f200000|  0%| F|  |TAMS 0x000000070f000000| PB 0x000000070f000000| Untracked |  0
| 112|0x000000070f200000, 0x000000070f200000, 0x000000070f400000|  0%| F|  |TAMS 0x000000070f200000| PB 0x000000070f200000| Untracked |  0
| 113|0x000000070f400000, 0x000000070f400000, 0x000000070f600000|  0%| F|  |TAMS 0x000000070f400000| PB 0x000000070f400000| Untracked |  0
| 114|0x000000070f600000, 0x000000070f800000, 0x000000070f800000|100%| S|CS|TAMS 0x000000070f600000| PB 0x000000070f600000| Complete |  0
| 115|0x000000070f800000, 0x000000070fa00000, 0x000000070fa00000|100%| S|CS|TAMS 0x000000070f800000| PB 0x000000070f800000| Complete |  0
| 116|0x000000070fa00000, 0x000000070fa00000, 0x000000070fc00000|  0%| F|  |TAMS 0x000000070fa00000| PB 0x000000070fa00000| Untracked |  0
| 117|0x000000070fc00000, 0x000000070fc00000, 0x000000070fe00000|  0%| F|  |TAMS 0x000000070fc00000| PB 0x000000070fc00000| Untracked |  0
| 118|0x000000070fe00000, 0x000000070fe00000, 0x0000000710000000|  0%| F|  |TAMS 0x000000070fe00000| PB 0x000000070fe00000| Untracked |  0
| 119|0x0000000710000000, 0x0000000710136988, 0x0000000710200000| 60%| E|  |TAMS 0x0000000710000000| PB 0x0000000710000000| Complete |  0
| 120|0x0000000710200000, 0x0000000710400000, 0x0000000710400000|100%| E|CS|TAMS 0x0000000710200000| PB 0x0000000710200000| Complete |  0
| 121|0x0000000710400000, 0x0000000710600000, 0x0000000710600000|100%| E|CS|TAMS 0x0000000710400000| PB 0x0000000710400000| Complete |  0
| 122|0x0000000710600000, 0x0000000710800000, 0x0000000710800000|100%| E|CS|TAMS 0x0000000710600000| PB 0x0000000710600000| Complete |  0
| 123|0x0000000710800000, 0x0000000710a00000, 0x0000000710a00000|100%| E|CS|TAMS 0x0000000710800000| PB 0x0000000710800000| Complete |  0
| 124|0x0000000710a00000, 0x0000000710c00000, 0x0000000710c00000|100%| E|CS|TAMS 0x0000000710a00000| PB 0x0000000710a00000| Complete |  0
| 125|0x0000000710c00000, 0x0000000710e00000, 0x0000000710e00000|100%| E|CS|TAMS 0x0000000710c00000| PB 0x0000000710c00000| Complete |  0
| 126|0x0000000710e00000, 0x0000000711000000, 0x0000000711000000|100%| E|CS|TAMS 0x0000000710e00000| PB 0x0000000710e00000| Complete |  0
| 127|0x0000000711000000, 0x0000000711200000, 0x0000000711200000|100%| E|CS|TAMS 0x0000000711000000| PB 0x0000000711000000| Complete |  0

Card table byte_map: [0x00000232ec310000,0x00000232ecb10000] _byte_map_base: 0x00000232e8b07000

Marking Bits: (CMBitMap*) 0x00000232d7ee8bb0
 Bits: [0x00000232ecb10000, 0x00000232f0ac8000)

Polling page: 0x00000232d5b60000

Metaspace:

Usage:
  Non-class:     11.78 MB used.
      Class:      1.69 MB used.
       Both:     13.47 MB used.

Virtual space:
  Non-class space:       64.00 MB reserved,      11.94 MB ( 19%) committed,  1 nodes.
      Class space:        1.00 GB reserved,       1.81 MB ( <1%) committed,  1 nodes.
             Both:        1.06 GB reserved,      13.75 MB (  1%) committed. 

Chunk freelists:
   Non-Class:  3.95 MB
       Class:  14.10 MB
        Both:  18.05 MB

MaxMetaspaceSize: unlimited
CompressedClassSpaceSize: 1.00 GB
Initial GC threshold: 21.00 MB
Current GC threshold: 21.00 MB
CDS: on
 - commit_granule_bytes: 65536.
 - commit_granule_words: 8192.
 - virtual_space_node_default_size: 8388608.
 - enlarge_chunks_in_place: 1.
 - use_allocation_guard: 0.


Internal statistics:

num_allocs_failed_limit: 0.
num_arena_births: 310.
num_arena_deaths: 0.
num_vsnodes_births: 2.
num_vsnodes_deaths: 0.
num_space_committed: 220.
num_space_uncommitted: 0.
num_chunks_returned_to_freelist: 0.
num_chunks_taken_from_freelist: 643.
num_chunk_merges: 0.
num_chunk_splits: 382.
num_chunks_enlarged: 222.
num_inconsistent_stats: 0.

CodeHeap 'non-profiled nmethods': size=119232Kb used=567Kb max_used=567Kb free=118664Kb
 bounds [0x00000232e38b0000, 0x00000232e3b20000, 0x00000232ead20000]
CodeHeap 'profiled nmethods': size=119104Kb used=3052Kb max_used=3052Kb free=116051Kb
 bounds [0x00000232dbd20000, 0x00000232dc020000, 0x00000232e3170000]
CodeHeap 'non-nmethods': size=7424Kb used=2626Kb max_used=3167Kb free=4798Kb
 bounds [0x00000232e3170000, 0x00000232e3490000, 0x00000232e38b0000]
CodeCache: size=245760Kb, used=6245Kb, max_used=6786Kb, free=239513Kb
 total_blobs=2712, nmethods=2126, adapters=489, full_count=0
Compilation: enabled, stopped_count=0, restarted_count=0

Compilation events (20 events):
Event: 6.393 Thread 0x00000232c1199080 nmethod 2108 0x00000232e393ad88 code [0x00000232e393aea0, 0x00000232e393af70]
Event: 6.393 Thread 0x00000232c666b710 nmethod 2097 0x00000232e393b388 code [0x00000232e393b480, 0x00000232e393b500]
Event: 6.393 Thread 0x00000232c666b710 2085       4       java.util.Objects::checkFromIndexSize (8 bytes)
Event: 6.393 Thread 0x00000232c666b710 nmethod 2085 0x00000232e393b688 code [0x00000232e393b780, 0x00000232e393b840]
Event: 6.393 Thread 0x00000232c666b710 2081       4       java.lang.invoke.VarHandleGuards::guard_LI_I (78 bytes)
Event: 6.394 Thread 0x00000232c1199080 2110       3       java.util.LinkedHashMap$LinkedEntryIterator::next (5 bytes)
Event: 6.394 Thread 0x00000232f3ca3200 2111       3       java.util.LinkedHashMap$LinkedEntryIterator::next (5 bytes)
Event: 6.395 Thread 0x00000232c1199080 nmethod 2110 0x00000232dc016588 code [0x00000232dc0166c0, 0x00000232dc016858]
Event: 6.395 Thread 0x00000232f3ca3200 nmethod 2111 0x00000232dc016888 code [0x00000232dc0169a0, 0x00000232dc016ad8]
Event: 6.396 Thread 0x00000232c666b710 nmethod 2081 0x00000232e393b988 code [0x00000232e393bae0, 0x00000232e393bf30]
Event: 6.396 Thread 0x00000232c666b710 2059       4       java.util.concurrent.locks.AbstractQueuedSynchronizer::compareAndSetState (13 bytes)
Event: 6.396 Thread 0x00000232c666b710 nmethod 2059 0x00000232e393bf88 code [0x00000232e393c080, 0x00000232e393c110]
Event: 6.396 Thread 0x00000232c666b710 2093       4       java.util.concurrent.locks.ReentrantLock$Sync::tryRelease (51 bytes)
Event: 6.397 Thread 0x00000232c666b710 nmethod 2093 0x00000232e393c288 code [0x00000232e393c380, 0x00000232e393c4a0]
Event: 6.397 Thread 0x00000232c666b710 2094       4       java.util.concurrent.locks.AbstractQueuedSynchronizer::signalNext (34 bytes)
Event: 6.398 Thread 0x00000232f3ca3200 2112   !   3       java.lang.Class::desiredAssertionStatus (54 bytes)
Event: 6.398 Thread 0x00000232c666b710 nmethod 2094 0x00000232e393c588 code [0x00000232e393c6a0, 0x00000232e393c790]
Event: 6.398 Thread 0x00000232c666b710 2095       4       java.util.concurrent.locks.ReentrantLock$NonfairSync::initialTryLock (58 bytes)
Event: 6.398 Thread 0x00000232f3ca3200 nmethod 2112 0x00000232dc016b88 code [0x00000232dc016d00, 0x00000232dc0172e8]
Event: 6.400 Thread 0x00000232c666b710 nmethod 2095 0x00000232e393c888 code [0x00000232e393c9a0, 0x00000232e393cbf8]

GC Heap History (2 events):
Event: 0.467 GC heap before
{Heap before GC invocations=0 (full 0):
 garbage-first heap   total reserved 4175872K, committed 262144K, used 22528K [0x0000000701200000, 0x0000000800000000)
  region size 2048K, 12 young (24576K), 0 survivors (0K)
 Metaspace       used 8708K, committed 8960K, reserved 1114112K
  class space    used 1012K, committed 1152K, reserved 1048576K
}
Event: 0.475 GC heap after
{Heap after GC invocations=1 (full 0):
 garbage-first heap   total reserved 4175872K, committed 262144K, used 5523K [0x0000000701200000, 0x0000000800000000)
  region size 2048K, 2 young (4096K), 2 survivors (4096K)
 Metaspace       used 8708K, committed 8960K, reserved 1114112K
  class space    used 1012K, committed 1152K, reserved 1048576K
}

Dll operation events (8 events):
Event: 0.006 Loaded shared library C:\Users\marco\.p2\pool\plugins\org.eclipse.justj.openjdk.hotspot.jre.full.win32.x86_64_23.0.1.v20241024-1700\jre\bin\java.dll
Event: 0.061 Loaded shared library C:\Users\marco\.p2\pool\plugins\org.eclipse.justj.openjdk.hotspot.jre.full.win32.x86_64_23.0.1.v20241024-1700\jre\bin\zip.dll
Event: 0.066 Loaded shared library C:\Users\marco\.p2\pool\plugins\org.eclipse.justj.openjdk.hotspot.jre.full.win32.x86_64_23.0.1.v20241024-1700\jre\bin\net.dll
Event: 0.068 Loaded shared library C:\Users\marco\.p2\pool\plugins\org.eclipse.justj.openjdk.hotspot.jre.full.win32.x86_64_23.0.1.v20241024-1700\jre\bin\nio.dll
Event: 0.071 Loaded shared library C:\Users\marco\.p2\pool\plugins\org.eclipse.justj.openjdk.hotspot.jre.full.win32.x86_64_23.0.1.v20241024-1700\jre\bin\zip.dll
Event: 0.115 Loaded shared library C:\Users\marco\.p2\pool\plugins\org.eclipse.justj.openjdk.hotspot.jre.full.win32.x86_64_23.0.1.v20241024-1700\jre\bin\jimage.dll
Event: 0.143 Loaded shared library C:\Users\marco\.p2\pool\plugins\org.eclipse.justj.openjdk.hotspot.jre.full.win32.x86_64_23.0.1.v20241024-1700\jre\bin\extnet.dll
Event: 0.398 Loaded shared library C:\Users\marco\.p2\pool\plugins\org.eclipse.justj.openjdk.hotspot.jre.full.win32.x86_64_23.0.1.v20241024-1700\jre\bin\sunmscapi.dll

Deoptimization events (20 events):
Event: 0.485 Thread 0x00000232c673afd0 DEOPT PACKING pc=0x00000232e38d2c48 sp=0x0000005d09efe4e0
Event: 0.485 Thread 0x00000232c673afd0 DEOPT UNPACKING pc=0x00000232e31c4402 sp=0x0000005d09efe478 mode 2
Event: 0.552 Thread 0x00000232d5ba4ee0 Uncommon trap: trap_request=0xffffffde fr.pc=0x00000232e391e6c8 relative=0x0000000000000408
Event: 0.552 Thread 0x00000232d5ba4ee0 Uncommon trap: reason=class_check action=maybe_recompile pc=0x00000232e391e6c8 method=java.lang.String.<init>(Ljava/lang/AbstractStringBuilder;Ljava/lang/Void;)V @ 10 c2
Event: 0.552 Thread 0x00000232d5ba4ee0 DEOPT PACKING pc=0x00000232e391e6c8 sp=0x0000005d077fec70
Event: 0.552 Thread 0x00000232d5ba4ee0 DEOPT UNPACKING pc=0x00000232e31c4402 sp=0x0000005d077fec40 mode 2
Event: 6.303 Thread 0x00000232d5ba4ee0 DEOPT PACKING pc=0x00000232dbd63bf1 sp=0x0000005d077f9610
Event: 6.303 Thread 0x00000232d5ba4ee0 DEOPT UNPACKING pc=0x00000232e31c4b22 sp=0x0000005d077f8a80 mode 0
Event: 6.397 Thread 0x00000232d5ba4ee0 Uncommon trap: trap_request=0xffffff45 fr.pc=0x00000232e38f03d4 relative=0x0000000000000054
Event: 6.397 Thread 0x00000232d5ba4ee0 Uncommon trap: reason=unstable_if action=reinterpret pc=0x00000232e38f03d4 method=java.lang.CharacterData.of(I)Ljava/lang/CharacterData; @ 4 c2
Event: 6.397 Thread 0x00000232d5ba4ee0 DEOPT PACKING pc=0x00000232e38f03d4 sp=0x0000005d077fe620
Event: 6.397 Thread 0x00000232d5ba4ee0 DEOPT UNPACKING pc=0x00000232e31c4402 sp=0x0000005d077fe5c0 mode 2
Event: 6.398 Thread 0x00000232d5ba4ee0 Uncommon trap: trap_request=0xffffffde fr.pc=0x00000232e391e6c8 relative=0x0000000000000408
Event: 6.398 Thread 0x00000232d5ba4ee0 Uncommon trap: reason=class_check action=maybe_recompile pc=0x00000232e391e6c8 method=java.lang.String.<init>(Ljava/lang/AbstractStringBuilder;Ljava/lang/Void;)V @ 10 c2
Event: 6.398 Thread 0x00000232d5ba4ee0 DEOPT PACKING pc=0x00000232e391e6c8 sp=0x0000005d077fea70
Event: 6.398 Thread 0x00000232d5ba4ee0 DEOPT UNPACKING pc=0x00000232e31c4402 sp=0x0000005d077fea40 mode 2
Event: 6.398 Thread 0x00000232d5ba4ee0 Uncommon trap: trap_request=0xffffffde fr.pc=0x00000232e391e6c8 relative=0x0000000000000408
Event: 6.398 Thread 0x00000232d5ba4ee0 Uncommon trap: reason=class_check action=maybe_recompile pc=0x00000232e391e6c8 method=java.lang.String.<init>(Ljava/lang/AbstractStringBuilder;Ljava/lang/Void;)V @ 10 c2
Event: 6.398 Thread 0x00000232d5ba4ee0 DEOPT PACKING pc=0x00000232e391e6c8 sp=0x0000005d077fec10
Event: 6.398 Thread 0x00000232d5ba4ee0 DEOPT UNPACKING pc=0x00000232e31c4402 sp=0x0000005d077febe0 mode 2

Classes loaded (20 events):
Event: 6.398 Loading class java/util/ResourceBundle$KeyElementReference
Event: 6.398 Loading class java/util/ResourceBundle$CacheKeyReference
Event: 6.398 Loading class java/util/ResourceBundle$CacheKeyReference done
Event: 6.398 Loading class java/util/ResourceBundle$KeyElementReference done
Event: 6.399 Loading class java/util/ResourceBundle$3
Event: 6.399 Loading class java/util/ResourceBundle$3 done
Event: 6.399 Loading class sun/util/logging/resources/logging
Event: 6.399 Loading class sun/util/logging/resources/logging done
Event: 6.399 Loading class java/util/ResourceBundle$BundleReference
Event: 6.399 Loading class java/util/ResourceBundle$BundleReference done
Event: 6.399 Loading class sun/util/logging/resources/logging_es
Event: 6.399 Loading class sun/util/logging/resources/logging_es done
Event: 6.399 Loading class sun/util/logging/resources/logging_es_ES
Event: 6.399 Loading class sun/util/logging/resources/logging_es_ES done
Event: 6.399 Loading class sun/util/logging/resources/logging_es_ES
Event: 6.399 Loading class sun/util/logging/resources/logging_es_ES done
Event: 6.400 Loading class java/util/Formatter$DateTime
Event: 6.400 Loading class java/util/Formatter$DateTime done
Event: 6.400 Loading class java/time/ZonedDateTime$1
Event: 6.400 Loading class java/time/ZonedDateTime$1 done

Classes unloaded (0 events):
No events

Classes redefined (0 events):
No events

Internal exceptions (20 events):
Event: 0.465 Thread 0x00000232d5ba4ee0 Exception <a 'java/lang/NoSuchMethodError'{0x000000070fbd4bf0}: 'void java.lang.invoke.DirectMethodHandle$Holder.invokeStatic(java.lang.Object, long)'> (0x000000070fbd4bf0) 
thrown [s\src\hotspot\share\interpreter\linkResolver.cpp, line 796]
Event: 0.465 Thread 0x00000232d5ba4ee0 Exception <a 'java/lang/NoSuchMethodError'{0x000000070fbd98f0}: 'java.lang.Object java.lang.invoke.DirectMethodHandle$Holder.newInvokeSpecial(java.lang.Object, long)'> (0x000000070fbd98f0) 
thrown [s\src\hotspot\share\interpreter\linkResolver.cpp, line 796]
Event: 0.466 Thread 0x00000232d5ba4ee0 Exception <a 'java/lang/NoSuchMethodError'{0x000000070fbdfd58}: 'java.lang.Object java.lang.invoke.DirectMethodHandle$Holder.invokeStatic(java.lang.Object, long, java.lang.Object)'> (0x000000070fbdfd58) 
thrown [s\src\hotspot\share\interpreter\linkResolver.cpp, line 796]
Event: 0.466 Thread 0x00000232d5ba4ee0 Exception <a 'java/lang/NoSuchMethodError'{0x000000070fbe3528}: 'java.lang.Object java.lang.invoke.DirectMethodHandle$Holder.invokeStaticInit(java.lang.Object, long, java.lang.Object)'> (0x000000070fbe3528) 
thrown [s\src\hotspot\share\interpreter\linkResolver.cpp, line 796]
Event: 0.488 Thread 0x00000232c673afd0 Exception <a 'java/net/ConnectException'{0x00000007111bda20}: Connection refused: getsockopt> (0x00000007111bda20) 
thrown [s\src\hotspot\share\prims\jni.cpp, line 539]
Event: 0.524 Thread 0x00000232d5ba4ee0 Exception <a 'java/lang/NoSuchMethodError'{0x0000000710e0f918}: 'double java.lang.invoke.DirectMethodHandle$Holder.invokeVirtual(java.lang.Object, java.lang.Object)'> (0x0000000710e0f918) 
thrown [s\src\hotspot\share\interpreter\linkResolver.cpp, line 796]
Event: 0.524 Thread 0x00000232d5ba4ee0 Exception <a 'java/lang/NoSuchMethodError'{0x0000000710e15b18}: 'float java.lang.invoke.DirectMethodHandle$Holder.invokeVirtual(java.lang.Object, java.lang.Object)'> (0x0000000710e15b18) 
thrown [s\src\hotspot\share\interpreter\linkResolver.cpp, line 796]
Event: 0.525 Thread 0x00000232d5ba4ee0 Exception <a 'java/lang/NoSuchMethodError'{0x0000000710e1e000}: 'long java.lang.invoke.DirectMethodHandle$Holder.invokeVirtual(java.lang.Object, java.lang.Object)'> (0x0000000710e1e000) 
thrown [s\src\hotspot\share\interpreter\linkResolver.cpp, line 796]
Event: 0.528 Thread 0x00000232d5ba4ee0 Exception <a 'java/lang/NoSuchMethodError'{0x0000000710e4a840}: 'java.lang.Object java.lang.invoke.DirectMethodHandle$Holder.invokeVirtual(java.lang.Object, java.lang.Object, java.lang.Object)'> (0x0000000710e4a840) 
thrown [s\src\hotspot\share\interpreter\linkResolver.cpp, line 796]
Event: 0.546 Thread 0x00000232d5ba4ee0 Exception <a 'java/lang/NoSuchMethodError'{0x0000000710f8c570}: 'java.lang.Object java.lang.invoke.DirectMethodHandle$Holder.newInvokeSpecial(java.lang.Object, java.lang.Object, int, int)'> (0x0000000710f8c570) 
thrown [s\src\hotspot\share\interpreter\linkResolver.cpp, line 796]
Event: 0.547 Thread 0x00000232d5ba4ee0 Exception <a 'java/lang/NoSuchMethodError'{0x0000000710f96e80}: 'void java.lang.invoke.DirectMethodHandle$Holder.invokeStatic(java.lang.Object, java.lang.Object, int)'> (0x0000000710f96e80) 
thrown [s\src\hotspot\share\interpreter\linkResolver.cpp, line 796]
Event: 0.593 Thread 0x00000232d5ba4ee0 Exception <a 'java/lang/NoSuchMethodError'{0x0000000710b83888}: 'void java.lang.invoke.DirectMethodHandle$Holder.invokeStatic(java.lang.Object, java.lang.Object, java.lang.Object, java.lang.Object)'> (0x0000000710b83888) 
thrown [s\src\hotspot\share\interpreter\linkResolver.cpp, line 796]
Event: 0.611 Thread 0x00000232c673d730 Exception <a 'java/lang/NoSuchMethodError'{0x000000071090d150}: 'java.lang.Object java.lang.invoke.DirectMethodHandle$Holder.invokeSpecial(java.lang.Object, java.lang.Object, java.lang.Object, java.lang.Object, int)'> (0x000000071090d150) 
thrown [s\src\hotspot\share\interpreter\linkResolver.cpp, line 796]
Event: 0.611 Thread 0x00000232c673d730 Exception <a 'java/lang/NoSuchMethodError'{0x0000000710910ac0}: 'java.lang.Object java.lang.invoke.Invokers$Holder.linkToTargetMethod(java.lang.Object, java.lang.Object, int, java.lang.Object)'> (0x0000000710910ac0) 
thrown [s\src\hotspot\share\interpreter\linkResolver.cpp, line 796]
Event: 0.622 Thread 0x00000232c673d730 Exception <a 'java/lang/NoSuchMethodError'{0x0000000710999058}: 'void java.lang.invoke.DirectMethodHandle$Holder.invokeSpecial(java.lang.Object, java.lang.Object, java.lang.Object, java.lang.Object, java.lang.Object)'> (0x0000000710999058) 
thrown [s\src\hotspot\share\interpreter\linkResolver.cpp, line 796]
Event: 0.627 Thread 0x00000232f3c8d340 Exception <a 'java/lang/NoSuchMethodError'{0x0000000710887b18}: 'int java.lang.invoke.DirectMethodHandle$Holder.invokeStatic(java.lang.Object, int, java.lang.Object)'> (0x0000000710887b18) 
thrown [s\src\hotspot\share\interpreter\linkResolver.cpp, line 796]
Event: 6.295 Thread 0x00000232c673d730 Exception <a 'java/lang/NoSuchMethodError'{0x00000007106de250}: 'void java.lang.invoke.DirectMethodHandle$Holder.invokeSpecial(java.lang.Object, java.lang.Object, java.lang.Object, java.lang.Object, java.lang.Object, java.lang.Object, java.lang.Object)'> (0x00000007106de250) 
thrown [s\src\hotspot\share\interpreter\linkResolver.cpp, line 796]
Event: 6.323 Thread 0x00000232d5ba4ee0 Exception <a 'java/lang/NoSuchMethodError'{0x0000000710457c28}: 'java.lang.Object java.lang.invoke.DirectMethodHandle$Holder.invokeSpecialIFC(java.lang.Object, java.lang.Object, java.lang.Object)'> (0x0000000710457c28) 
thrown [s\src\hotspot\share\interpreter\linkResolver.cpp, line 796]
Event: 6.393 Thread 0x00000232d5ba4ee0 Exception <a 'java/lang/NoSuchMethodError'{0x000000071005b4f0}: 'java.lang.Object java.lang.invoke.DirectMethodHandle$Holder.invokeStatic(java.lang.Object, int, java.lang.Object)'> (0x000000071005b4f0) 
thrown [s\src\hotspot\share\interpreter\linkResolver.cpp, line 796]
Event: 6.399 Thread 0x00000232d5ba4ee0 Exception <a 'java/lang/ClassNotFoundException'{0x000000071007c2e8}: sun/util/logging/resources/spi/loggingProvider> (0x000000071007c2e8) 
thrown [s\src\hotspot\share\classfile\systemDictionary.cpp, line 313]

VM Operations (20 events):
Event: 0.257 Executing VM operation: HandshakeAllThreads (Deoptimize)
Event: 0.257 Executing VM operation: HandshakeAllThreads (Deoptimize) done
Event: 0.416 Executing VM operation: HandshakeAllThreads (Deoptimize)
Event: 0.416 Executing VM operation: HandshakeAllThreads (Deoptimize) done
Event: 0.467 Executing VM operation: G1CollectForAllocation (G1 Evacuation Pause)
Event: 0.476 Executing VM operation: G1CollectForAllocation (G1 Evacuation Pause) done
Event: 0.477 Executing VM operation: HandshakeAllThreads (Deoptimize)
Event: 0.477 Executing VM operation: HandshakeAllThreads (Deoptimize) done
Event: 0.515 Executing VM operation: HandshakeAllThreads (Deoptimize)
Event: 0.515 Executing VM operation: HandshakeAllThreads (Deoptimize) done
Event: 0.531 Executing VM operation: HandshakeAllThreads (Deoptimize)
Event: 0.531 Executing VM operation: HandshakeAllThreads (Deoptimize) done
Event: 0.553 Executing VM operation: HandshakeAllThreads (Deoptimize)
Event: 0.553 Executing VM operation: HandshakeAllThreads (Deoptimize) done
Event: 6.287 Executing VM operation: HandshakeAllThreads (Deoptimize)
Event: 6.287 Executing VM operation: HandshakeAllThreads (Deoptimize) done
Event: 6.289 Executing VM operation: HandshakeAllThreads (Deoptimize)
Event: 6.289 Executing VM operation: HandshakeAllThreads (Deoptimize) done
Event: 6.389 Executing VM operation: HandshakeAllThreads (Deoptimize)
Event: 6.389 Executing VM operation: HandshakeAllThreads (Deoptimize) done

Memory protections (0 events):
No events

Nmethod flushes (0 events):
No events

Events (20 events):
Event: 0.352 Thread 0x00000232c11ae350 Thread added: 0x00000232c1bcbc60
Event: 0.422 Thread 0x00000232d5ba4ee0 Thread added: 0x00000232f3c8d340
Event: 0.467 Thread 0x00000232d5ba4ee0 Thread added: 0x00000232f3c8e060
Event: 0.477 Thread 0x00000232d5ba4ee0 Thread added: 0x00000232c673ddc0
Event: 0.478 Thread 0x00000232d5ba4ee0 Thread added: 0x00000232c673a940
Event: 0.484 Thread 0x00000232c673ddc0 Thread added: 0x00000232c673afd0
Event: 0.515 Thread 0x00000232c673afd0 Thread added: 0x00000232c673a2b0
Event: 0.604 Thread 0x00000232d5ba4ee0 Thread added: 0x00000232c673d730
Event: 0.629 Thread 0x00000232f3c8d340 Thread added: 0x00000232c67418d0
Event: 0.630 Thread 0x00000232f3c8d340 Thread added: 0x00000232c673fe90
Event: 3.632 Thread 0x00000232c13ba550 Thread exited: 0x00000232c13ba550
Event: 3.632 Thread 0x00000232c1bcbc60 Thread exited: 0x00000232c1bcbc60
Event: 3.632 Thread 0x00000232c1badec0 Thread exited: 0x00000232c1badec0
Event: 6.287 Thread 0x00000232c11ae350 Thread exited: 0x00000232c11ae350
Event: 6.342 Thread 0x00000232d5ba4ee0 Thread added: 0x00000232c6741240
Event: 6.343 Thread 0x00000232d5ba4ee0 Thread added: 0x00000232c673eae0
Event: 6.343 Thread 0x00000232c114c1f0 Thread added: 0x00000232c6522660
Event: 6.345 Thread 0x00000232c6741240 Thread added: 0x00000232c673ca10
Event: 6.359 Thread 0x00000232c6741240 Thread added: 0x00000232c6740bb0
Event: 6.392 Thread 0x00000232c114c1f0 Thread added: 0x00000232c666b710


Dynamic libraries:
0x00007ff7c30d0000 - 0x00007ff7c30de000 	C:\Users\marco\.p2\pool\plugins\org.eclipse.justj.openjdk.hotspot.jre.full.win32.x86_64_23.0.1.v20241024-1700\jre\bin\javaw.exe
0x00007fffffdf0000 - 0x00007ffffffe8000 	C:\Windows\SYSTEM32\ntdll.dll
0x00007fffe1ae0000 - 0x00007fffe1afa000 	C:\Program Files\Avast Software\Avast\aswhook.dll
0x00007fffff370000 - 0x00007fffff432000 	C:\Windows\System32\KERNEL32.DLL
0x00007ffffd560000 - 0x00007ffffd85f000 	C:\Windows\System32\KERNELBASE.dll
0x00007ffffdb90000 - 0x00007ffffdc90000 	C:\Windows\System32\ucrtbase.dll
0x00007fffeefe0000 - 0x00007fffeeff7000 	C:\Users\marco\.p2\pool\plugins\org.eclipse.justj.openjdk.hotspot.jre.full.win32.x86_64_23.0.1.v20241024-1700\jre\bin\jli.dll
0x00007fffeefc0000 - 0x00007fffeefde000 	C:\Users\marco\.p2\pool\plugins\org.eclipse.justj.openjdk.hotspot.jre.full.win32.x86_64_23.0.1.v20241024-1700\jre\bin\VCRUNTIME140.dll
0x00007ffffef80000 - 0x00007fffff11d000 	C:\Windows\System32\USER32.dll
0x00007fffdc0d0000 - 0x00007fffdc36a000 	C:\Windows\WinSxS\amd64_microsoft.windows.common-controls_6595b64144ccf1df_6.0.19041.4355_none_60b8b9eb71f62e16\COMCTL32.dll
0x00007ffffd4c0000 - 0x00007ffffd4e2000 	C:\Windows\System32\win32u.dll
0x00007ffffee10000 - 0x00007ffffeeae000 	C:\Windows\System32\msvcrt.dll
0x00007ffffe9d0000 - 0x00007ffffe9fb000 	C:\Windows\System32\GDI32.dll
0x00007ffffda70000 - 0x00007ffffdb8a000 	C:\Windows\System32\gdi32full.dll
0x00007ffffd860000 - 0x00007ffffd8fd000 	C:\Windows\System32\msvcp_win.dll
0x00007ff800000000 - 0x00007ff80002f000 	C:\Windows\System32\IMM32.DLL
0x00007ffffab30000 - 0x00007ffffab3c000 	C:\Users\marco\.p2\pool\plugins\org.eclipse.justj.openjdk.hotspot.jre.full.win32.x86_64_23.0.1.v20241024-1700\jre\bin\vcruntime140_1.dll
0x00007fffe7b10000 - 0x00007fffe7b9d000 	C:\Users\marco\.p2\pool\plugins\org.eclipse.justj.openjdk.hotspot.jre.full.win32.x86_64_23.0.1.v20241024-1700\jre\bin\msvcp140.dll
0x00007fff9b150000 - 0x00007fff9bf1d000 	C:\Users\marco\.p2\pool\plugins\org.eclipse.justj.openjdk.hotspot.jre.full.win32.x86_64_23.0.1.v20241024-1700\jre\bin\server\jvm.dll
0x00007ffffea00000 - 0x00007ffffeaaf000 	C:\Windows\System32\ADVAPI32.dll
0x00007fffff2d0000 - 0x00007fffff36f000 	C:\Windows\System32\sechost.dll
0x00007ffffdf20000 - 0x00007ffffe043000 	C:\Windows\System32\RPCRT4.dll
0x00007ffffda40000 - 0x00007ffffda67000 	C:\Windows\System32\bcrypt.dll
0x00007fffff920000 - 0x00007fffff98b000 	C:\Windows\System32\WS2_32.dll
0x00007ffffca10000 - 0x00007ffffca5b000 	C:\Windows\SYSTEM32\POWRPROF.dll
0x00007ffff4030000 - 0x00007ffff4057000 	C:\Windows\SYSTEM32\WINMM.dll
0x00007ffff5ba0000 - 0x00007ffff5baa000 	C:\Windows\SYSTEM32\VERSION.dll
0x00007ffffc880000 - 0x00007ffffc892000 	C:\Windows\SYSTEM32\UMPDC.dll
0x00007ffffb320000 - 0x00007ffffb332000 	C:\Windows\SYSTEM32\kernel.appcore.dll
0x00007ffff3fd0000 - 0x00007ffff3fda000 	C:\Users\marco\.p2\pool\plugins\org.eclipse.justj.openjdk.hotspot.jre.full.win32.x86_64_23.0.1.v20241024-1700\jre\bin\jimage.dll
0x00007ffff6500000 - 0x00007ffff66e4000 	C:\Windows\SYSTEM32\DBGHELP.DLL
0x00007ffff4bc0000 - 0x00007ffff4bf4000 	C:\Windows\SYSTEM32\dbgcore.DLL
0x00007ffffd900000 - 0x00007ffffd982000 	C:\Windows\System32\bcryptPrimitives.dll
0x00007fffd4f30000 - 0x00007fffd4f4e000 	C:\Users\marco\.p2\pool\plugins\org.eclipse.justj.openjdk.hotspot.jre.full.win32.x86_64_23.0.1.v20241024-1700\jre\bin\java.dll
0x00007fffff1a0000 - 0x00007fffff2cb000 	C:\Windows\System32\ole32.dll
0x00007ffffeab0000 - 0x00007ffffee05000 	C:\Windows\System32\combase.dll
0x00007ffffe0b0000 - 0x00007ffffe81d000 	C:\Windows\System32\SHELL32.dll
0x00007ffffb520000 - 0x00007ffffbcc4000 	C:\Windows\SYSTEM32\windows.storage.dll
0x00007ffffce10000 - 0x00007ffffce3f000 	C:\Windows\SYSTEM32\Wldp.dll
0x00007ffffeeb0000 - 0x00007ffffef7d000 	C:\Windows\System32\OLEAUT32.dll
0x00007fffffae0000 - 0x00007fffffb8d000 	C:\Windows\System32\SHCORE.dll
0x00007fffff990000 - 0x00007fffff9e5000 	C:\Windows\System32\shlwapi.dll
0x00007ffffd3f0000 - 0x00007ffffd414000 	C:\Windows\SYSTEM32\profapi.dll
0x00007fffd1860000 - 0x00007fffd1877000 	C:\Users\marco\.p2\pool\plugins\org.eclipse.justj.openjdk.hotspot.jre.full.win32.x86_64_23.0.1.v20241024-1700\jre\bin\zip.dll
0x00007ffff3fc0000 - 0x00007ffff3fd0000 	C:\Users\marco\.p2\pool\plugins\org.eclipse.justj.openjdk.hotspot.jre.full.win32.x86_64_23.0.1.v20241024-1700\jre\bin\net.dll
0x00007ffffcbf0000 - 0x00007ffffcc5c000 	C:\Windows\system32\mswsock.dll
0x00007fffd1840000 - 0x00007fffd1856000 	C:\Users\marco\.p2\pool\plugins\org.eclipse.justj.openjdk.hotspot.jre.full.win32.x86_64_23.0.1.v20241024-1700\jre\bin\nio.dll
0x00007ffffa5b0000 - 0x00007ffffa5b9000 	C:\Users\marco\.p2\pool\plugins\org.eclipse.justj.openjdk.hotspot.jre.full.win32.x86_64_23.0.1.v20241024-1700\jre\bin\extnet.dll
0x00007ffffc8e0000 - 0x00007ffffc9aa000 	C:\Windows\SYSTEM32\DNSAPI.dll
0x00007ffffc8a0000 - 0x00007ffffc8db000 	C:\Windows\SYSTEM32\IPHLPAPI.DLL
0x00007fffff9f0000 - 0x00007fffff9f8000 	C:\Windows\System32\NSI.dll
0x000000005f910000 - 0x000000005f936000 	C:\Program Files\Bonjour\mdnsNSP.dll
0x00007ffff1470000 - 0x00007ffff147a000 	C:\Windows\System32\rasadhlp.dll
0x00007ffff7460000 - 0x00007ffff74e0000 	C:\Windows\System32\fwpuclnt.dll
0x00007ffffce50000 - 0x00007ffffce68000 	C:\Windows\SYSTEM32\CRYPTSP.dll
0x00007ffffc4c0000 - 0x00007ffffc4f4000 	C:\Windows\system32\rsaenh.dll
0x00007ffffd3b0000 - 0x00007ffffd3de000 	C:\Windows\SYSTEM32\USERENV.dll
0x00007ffffcd80000 - 0x00007ffffcd8c000 	C:\Windows\SYSTEM32\CRYPTBASE.dll
0x00007ffffa650000 - 0x00007ffffa65e000 	C:\Users\marco\.p2\pool\plugins\org.eclipse.justj.openjdk.hotspot.jre.full.win32.x86_64_23.0.1.v20241024-1700\jre\bin\sunmscapi.dll
0x00007ffffdce0000 - 0x00007ffffde3c000 	C:\Windows\System32\CRYPT32.dll
0x00007ffffcf40000 - 0x00007ffffcf67000 	C:\Windows\SYSTEM32\ncrypt.dll
0x00007ffffcf00000 - 0x00007ffffcf3b000 	C:\Windows\SYSTEM32\NTASN1.dll
0x00007fffdd010000 - 0x00007fffdd017000 	C:\Windows\system32\wshunix.dll

dbghelp: loaded successfully - version: 4.0.5 - missing functions: none
symbol engine: initialized successfully - sym options: 0x614 - pdb path: .;C:\Users\marco\.p2\pool\plugins\org.eclipse.justj.openjdk.hotspot.jre.full.win32.x86_64_23.0.1.v20241024-1700\jre\bin;C:\Windows\SYSTEM32;C:\Program Files\Avast Software\Avast;C:\Windows\WinSxS\amd64_microsoft.windows.common-controls_6595b64144ccf1df_6.0.19041.4355_none_60b8b9eb71f62e16;C:\Users\marco\.p2\pool\plugins\org.eclipse.justj.openjdk.hotspot.jre.full.win32.x86_64_23.0.1.v20241024-1700\jre\bin\server;C:\Program Files\Bonjour

VM Arguments:
jvm_args: -Dfile.encoding=UTF-8 -Dstdout.encoding=UTF-8 -Dstderr.encoding=UTF-8 -XX:+ShowCodeDetailsInExceptionMessages 
java_command: Pruebas.WallapopCookies2
java_class_path (initial): E:\Eclipse\my-scraper\target\classes;C:\Users\marco\.m2\repository\org\jsoup\jsoup\1.17.2\jsoup-1.17.2.jar;C:\Users\marco\.m2\repository\org\seleniumhq\selenium\selenium-java\4.15.0\selenium-java-4.15.0.jar;C:\Users\marco\.m2\repository\org\seleniumhq\selenium\selenium-api\4.15.0\selenium-api-4.15.0.jar;C:\Users\marco\.m2\repository\org\seleniumhq\selenium\selenium-chrome-driver\4.15.0\selenium-chrome-driver-4.15.0.jar;C:\Users\marco\.m2\repository\com\google\auto\service\auto-service-annotations\1.1.1\auto-service-annotations-1.1.1.jar;C:\Users\marco\.m2\repository\org\seleniumhq\selenium\selenium-chromium-driver\4.15.0\selenium-chromium-driver-4.15.0.jar;C:\Users\marco\.m2\repository\org\seleniumhq\selenium\selenium-json\4.15.0\selenium-json-4.15.0.jar;C:\Users\marco\.m2\repository\org\seleniumhq\selenium\selenium-manager\4.15.0\selenium-manager-4.15.0.jar;C:\Users\marco\.m2\repository\org\seleniumhq\selenium\selenium-devtools-v117\4.15.0\selenium-devtools-v117-4.15.0.jar;C:\Users\marco\.m2\repository\org\seleniumhq\selenium\selenium-devtools-v118\4.15.0\selenium-devtools-v118-4.15.0.jar;C:\Users\marco\.m2\repository\org\seleniumhq\selenium\selenium-devtools-v119\4.15.0\selenium-devtools-v119-4.15.0.jar;C:\Users\marco\.m2\repository\org\seleniumhq\selenium\selenium-devtools-v85\4.15.0\selenium-devtools-v85-4.15.0.jar;C:\Users\marco\.m2\repository\org\seleniumhq\selenium\selenium-edge-driver\4.15.0\selenium-edge-driver-4.15.0.jar;C:\Users\marco\.m2\repository\org\seleniumhq\selenium\selenium-firefox-driver\4.15.0\selenium-firefox-driver-4.15.0.jar;C:\Users\marco\.m2\repository\org\seleniumhq\selenium\selenium-http\4.15.0\selenium-http-4.15.0.jar;C:\Users\marco\.m2\repository\dev\failsafe\failsafe\3.3.2\failsafe-3.3.2.jar;C:\Users\marco\.m2\repository\org\seleniumhq\selenium\selenium-ie-driver\4.15.0\selenium-ie-driver-4.15.0.jar;C:\Users\marco\.m2\repository\org\seleniumhq\selenium\selenium-remote-driver\4.15.0\selenium-remote-driver-4.15.0.jar;C:\Users\marco\.m2\repository\com\google\guava\guava\32.1.2-jre\guava-32.1.2-jre.jar;C:\Users\marco\.m2\repository\com\google\guava\failureaccess\1.0.1\failureaccess-1.0.1.jar;C:\Users\marco\.m2\repository\com\google\guava\listenablefuture\9999.0-empty-to-avoid-conflict-with-guava\listenablefuture-9999.0-empty-to-avoid-conflict-with-guava.jar;C:\Users\marco\.m2\repository\com\google\code\findbugs\jsr305\3.0.2\jsr305-3.0.2.jar;C:\Users\marco\.m2\repository\org\checkerframework\checker-qual\3.33.0\checker-qual-3.33.0.jar;C:\Users\marco\.m2\repository\com\google\errorprone\error_prone_annotations\2.18.0\error_prone_annotations-2.18.0.jar;C:\Users\marco\.m2\repository\com\google\j2objc\j2objc-annotations\2.8\j2objc-annotations-2.8.jar;C:\Users\marco\.m2\repository\io\opentelemetry\opentelemetry-api\1.28.0\opentelemetry-api-1.28.0.jar;C:\Users\marco\.m2\repository\io\opentelemetry\opentelemetry-context\1.28.0\opentelemetry-context-1.28.0.jar;C:\Users\marco\.m2\repository\io\opentelemetry\opentelemetry-exporter-logging\1.28.0\opentelemetry-exporter-logging-1.28.0.jar;C:\Users\marco\.m2\repository\io\opentelemetry\opentelemetry-sdk-metrics\1.28.0\opentelemetry-sdk-metrics-1.28.0.jar;C:\Users\marco\.m2\repository\io\opentelemetry\opentelemetry-extension-incubator\1.28.0-alpha\opentelemetry-extension-incubator-1.28.0-alpha.jar;C:\Users\marco\.m2\repository\io\opentelemetry\opentelemetry-sdk-logs\1.28.0\opentelemetry-sdk-logs-1.28.0.jar;C:\Users\marco\.m2\repository\io\opentelemetry\opentelemetry-sdk-common\1.28.0\opentelemetry-sdk-common-1.28.0.jar;C:\Users\marco\.m2\repository\io\opentelemetry\opentelemetry-sdk-extension-autoconfigure-spi\1.28.0\opentelemetry-sdk-extension-autoconfigure-spi-1.28.0.jar;C:\Users\marco\.m2\repository\io\opentelemetry\opentelemetry-sdk-extension-autoconfigure\1.28.0\opentelemetry-sdk-extension-autoconfigure-1.28.0.jar;C:\Users\marco\.m2\repository\io\opentelemetry\opentelemetry-api-events\1.28.0-alpha\opentelemetry-api-events-1.28.0-alpha.jar;C:\Users\marco\.m2\repository\io\opentelemetry\opentelemetry-sdk-trace\1.28.0\opentelemetry-sdk-trace-1.28.0.jar;C:\Users\marco\.m2\repository\io\opentelemetry\opentelemetry-sdk\1.28.0\opentelemetry-sdk-1.28.0.jar;C:\Users\marco\.m2\repository\io\opentelemetry\opentelemetry-semconv\1.28.0-alpha\opentelemetry-semconv-1.28.0-alpha.jar;C:\Users\marco\.m2\repository\net\bytebuddy\byte-buddy\1.14.5\byte-buddy-1.14.5.jar;C:\Users\marco\.m2\repository\org\seleniumhq\selenium\selenium-os\4.15.0\selenium-os-4.15.0.jar;C:\Users\marco\.m2\repository\org\apache\commons\commons-exec\1.3\commons-exec-1.3.jar;C:\Users\marco\.m2\repository\org\seleniumhq\selenium\selenium-safari-driver\4.15.0\selenium-safari-driver-4.15.0.jar;C:\Users\marco\.m2\repository\org\seleniumhq\selenium\selenium-support\4.15.0\selenium-support-4.15.0.jar;C:\Users\marco\.m2\repository\org\slf4j\slf4j-simple\2.0.7\slf4j-simple-2.0.7.jar;C:\Users\marco\.m2\repository\org\slf4j\slf4j-api\2.0.7\slf4j-api-2.0.7.jar
Launcher Type: SUN_STANDARD

[Global flags]
     intx CICompilerCount                          = 12                                        {product} {ergonomic}
     uint ConcGCThreads                            = 5                                         {product} {ergonomic}
     uint G1ConcRefinementThreads                  = 18                                        {product} {ergonomic}
   size_t G1HeapRegionSize                         = 2097152                                   {product} {ergonomic}
   size_t InitialHeapSize                          = 268435456                                 {product} {ergonomic}
   size_t MarkStackSize                            = 4194304                                   {product} {ergonomic}
   size_t MarkStackSizeMax                         = 536870912                                 {product} {ergonomic}
   size_t MaxHeapSize                              = 4276092928                                {product} {ergonomic}
   size_t MaxNewSize                               = 2564816896                                {product} {ergonomic}
   size_t MinHeapDeltaBytes                        = 2097152                                   {product} {ergonomic}
   size_t MinHeapSize                              = 8388608                                   {product} {ergonomic}
    uintx NonNMethodCodeHeapSize                   = 7602176                                {pd product} {ergonomic}
    uintx NonProfiledCodeHeapSize                  = 122093568                              {pd product} {ergonomic}
    uintx ProfiledCodeHeapSize                     = 121962496                              {pd product} {ergonomic}
    uintx ReservedCodeCacheSize                    = 251658240                              {pd product} {ergonomic}
     bool SegmentedCodeCache                       = true                                      {product} {ergonomic}
     bool ShowCodeDetailsInExceptionMessages       = true                                   {manageable} {command line}
   size_t SoftMaxHeapSize                          = 4276092928                             {manageable} {ergonomic}
     bool UseCompressedOops                        = true                           {product lp64_product} {ergonomic}
     bool UseG1GC                                  = true                                      {product} {ergonomic}
     bool UseLargePagesIndividualAllocation        = false                                  {pd product} {ergonomic}

Logging:
Log output configuration:
 #0: stdout all=warning uptime,level,tags foldmultilines=false
 #1: stderr all=off uptime,level,tags foldmultilines=false

Environment Variables:
PATH=C:/Users/marco/.p2/pool/plugins/org.eclipse.justj.openjdk.hotspot.jre.full.win32.x86_64_23.0.1.v20241024-1700/jre/bin/server;C:/Users/marco/.p2/pool/plugins/org.eclipse.justj.openjdk.hotspot.jre.full.win32.x86_64_23.0.1.v20241024-1700/jre/bin;C:\Program Files (x86)\Razer Chroma SDK\bin;C:\Program Files\Razer Chroma SDK\bin;C:\Program Files (x86)\Razer\ChromaBroadcast\bin;C:\Program Files\Razer\ChromaBroadcast\bin;C:\Program Files (x86)\Common Files\Oracle\Java\javapath;C:\Windows\system32;C:\Windows;C:\Windows\System32\Wbem;C:\Windows\System32\WindowsPowerShell\v1.0\;C:\Windows\System32\OpenSSH\;C:\Program Files (x86)\Windows Live\Shared;C:\Windows\system32\config\systemprofile\AppData\Local\Microsoft\WindowsApps;C:\Program Files\Docker\Docker\resources\bin;C:\Program Files\php;C:\Users\marco\AppData\Roaming\nvm;C:\Program Files\nodejs;C:\Program Files\Git\cmd;C:\Program Files\apache-maven\apache-maven-3.9.9\bin;C:\Users\marco\AppData\Local\Microsoft\WindowsApps;C:\Users\marco\AppData\Local\Programs\Microsoft VS Code\bin;C:\Users\marco\AppData\Roaming\nvm;C:\Program Files\nodejs;C:\Users\marco\Desktop;
USERNAME=marco
OS=Windows_NT
PROCESSOR_IDENTIFIER=AMD64 Family 25 Model 33 Stepping 2, AuthenticAMD
TMP=C:\Users\marco\AppData\Local\Temp
TEMP=C:\Users\marco\AppData\Local\Temp




Periodic native trim disabled

---------------  S Y S T E M  ---------------

OS:
 Windows 10 , 64 bit Build 19041 (10.0.19041.5438)
OS uptime: 1 days 0:32 hours
Hyper-V role detected

CPU: total 24 (initial active 24) (24 cores per cpu, 2 threads per core) family 25 model 33 stepping 2 microcode 0x0, cx8, cmov, fxsr, ht, mmx, 3dnowpref, sse, sse2, sse3, ssse3, sse4a, sse4.1, sse4.2, popcnt, lzcnt, tsc, tscinvbit, avx, avx2, aes, erms, clmul, bmi1, bmi2, adx, sha, fma, vzeroupper, clflush, clflushopt, hv, rdtscp, rdpid, fsrm, f16c, cet_ss
Processor Information for the first 24 processors :
  Max Mhz: 3701, Current Mhz: 3701, Mhz Limit: 3701

Memory: 4k page, system-wide physical 16306M (5046M free)
TotalPageFile size 22352M (AvailPageFile size 195M)
current process WorkingSet (physical memory assigned to process): 134M, peak: 136M
current process commit charge ("private bytes"): 422M, peak: 424M

vm_info: OpenJDK 64-Bit Server VM (23.0.1+11) for windows-amd64 JRE (23.0.1+11), built on 2024-10-15T00:00:00Z with MS VC++ 17.7 (VS2022)

END.
